<?xml version="1.0" encoding="UTF-8"?>
<!-- Generated by org.testng.reporters.JUnitReportReporter -->
<testsuite hostname="DESKTOP-T777DIF" name="com.studi.pagemodules.Module_Login" tests="1" failures="0" timestamp="9 Dec 2020 19:10:45 GMT" time="17.524" errors="0">
  <testcase name="login_To_App" time="17.524" classname="com.studi.pagemodules.Module_Login"/>
</testsuite> <!-- com.studi.pagemodules.Module_Login -->
