<?xml version="1.0" encoding="UTF-8"?>
<!-- Generated by org.testng.reporters.JUnitReportReporter -->
<testsuite hostname="DESKTOP-T777DIF" name="com.studi.testScripts.FirstTest_Verify_Login" tests="1" failures="0" timestamp="9 Dec 2020 13:18:07 GMT" time="11.358" errors="0">
  <testcase name="verifyLogin" time="11.358" classname="com.studi.testScripts.FirstTest_Verify_Login"/>
</testsuite> <!-- com.studi.testScripts.FirstTest_Verify_Login -->
